# JRE version: Java(TM) SE Runtime Environment (8.0_05-b13) (build 1.8.0_05-b13)
# Java VM: Java HotSpot(TM) 64-Bit Server VM (25.5-b02 mixed mode windows-amd64 compressed oops)
Heap:
 PSYoungGen      total 78336K, used 23077K [0x00000000d5580000, 0x00000000dae80000, 0x0000000100000000)
  eden space 69632K, 25% used [0x00000000d5580000,0x00000000d670c490,0x00000000d9980000)
  from space 8704K, 58% used [0x00000000da200000,0x00000000da6fd200,0x00000000daa80000)
  to   space 8704K, 0% used [0x00000000d9980000,0x00000000d9980000,0x00000000da200000)
 ParOldGen       total 23040K, used 16987K [0x0000000080000000, 0x0000000081680000, 0x00000000d5580000)
  object space 23040K, 73% used [0x0000000080000000,0x0000000081096e50,0x0000000081680000)
 Metaspace       used 32565K, capacity 33386K, committed 33536K, reserved 1079296K
  class space    used 4426K, capacity 4586K, committed 4608K, reserved 1048576K
GC Heap History (10 events):
Event: 2.677 GC heap before
{Heap before GC invocations=21 (full 2):
 PSYoungGen      total 65536K, used 672K [0x00000000d5580000, 0x00000000da600000, 0x0000000100000000)
  eden space 60928K, 0% used [0x00000000d5580000,0x00000000d5580000,0x00000000d9100000)
  from space 4608K, 14% used [0x00000000d9100000,0x00000000d91a8010,0x00000000d9580000)
  to   space 4096K, 0% used [0x00000000da200000,0x00000000da200000,0x00000000da600000)
 ParOldGen       total 10752K, used 8846K [0x0000000080000000, 0x0000000080a80000, 0x00000000d5580000)
  object space 10752K, 82% used [0x0000000080000000,0x00000000808a3b08,0x0000000080a80000)
 Metaspace       used 20983K, capacity 21398K, committed 21632K, reserved 1069056K
  class space    used 2758K, capacity 2879K, committed 2944K, reserved 1048576K
Event: 2.765 GC heap after
Heap after GC invocations=21 (full 2):
 PSYoungGen      total 65536K, used 0K [0x00000000d5580000, 0x00000000da600000, 0x0000000100000000)
  eden space 60928K, 0% used [0x00000000d5580000,0x00000000d5580000,0x00000000d9100000)
  from space 4608K, 0% used [0x00000000d9100000,0x00000000d9100000,0x00000000d9580000)
  to   space 4096K, 0% used [0x00000000da200000,0x00000000da200000,0x00000000da600000)
 ParOldGen       total 13312K, used 8966K [0x0000000080000000, 0x0000000080d00000, 0x00000000d5580000)
  object space 13312K, 67% used [0x0000000080000000,0x00000000808c1ab0,0x0000000080d00000)
 Metaspace       used 20983K, capacity 21398K, committed 21632K, reserved 1069056K
  class space    used 2758K, capacity 2879K, committed 2944K, reserved 1048576K
}
Event: 3.198 GC heap before
{Heap before GC invocations=22 (full 2):
 PSYoungGen      total 65536K, used 60928K [0x00000000d5580000, 0x00000000da600000, 0x0000000100000000)
  eden space 60928K, 100% used [0x00000000d5580000,0x00000000d9100000,0x00000000d9100000)
  from space 4608K, 0% used [0x00000000d9100000,0x00000000d9100000,0x00000000d9580000)
  to   space 4096K, 0% used [0x00000000da200000,0x00000000da200000,0x00000000da600000)
 ParOldGen       total 13312K, used 8966K [0x0000000080000000, 0x0000000080d00000, 0x00000000d5580000)
  object space 13312K, 67% used [0x0000000080000000,0x00000000808c1ab0,0x0000000080d00000)
 Metaspace       used 23088K, capacity 23584K, committed 23808K, reserved 1069056K
  class space    used 3096K, capacity 3233K, committed 3328K, reserved 1048576K
Event: 3.202 GC heap after
Heap after GC invocations=22 (full 2):
 PSYoungGen      total 69120K, used 4084K [0x00000000d5580000, 0x00000000da600000, 0x0000000100000000)
  eden space 65024K, 0% used [0x00000000d5580000,0x00000000d5580000,0x00000000d9500000)
  from space 4096K, 99% used [0x00000000da200000,0x00000000da5fd010,0x00000000da600000)
  to   space 5632K, 0% used [0x00000000d9b00000,0x00000000d9b00000,0x00000000da080000)
 ParOldGen       total 13312K, used 10336K [0x0000000080000000, 0x0000000080d00000, 0x00000000d5580000)
  object space 13312K, 77% used [0x0000000080000000,0x0000000080a180c8,0x0000000080d00000)
 Metaspace       used 23088K, capacity 23584K, committed 23808K, reserved 1069056K
  class space    used 3096K, capacity 3233K, committed 3328K, reserved 1048576K
}
Event: 3.657 GC heap before
{Heap before GC invocations=23 (full 2):
 PSYoungGen      total 69120K, used 69108K [0x00000000d5580000, 0x00000000da600000, 0x0000000100000000)
  eden space 65024K, 100% used [0x00000000d5580000,0x00000000d9500000,0x00000000d9500000)
  from space 4096K, 99% used [0x00000000da200000,0x00000000da5fd010,0x00000000da600000)
  to   space 5632K, 0% used [0x00000000d9b00000,0x00000000d9b00000,0x00000000da080000)
 ParOldGen       total 13312K, used 10336K [0x0000000080000000, 0x0000000080d00000, 0x00000000d5580000)
  object space 13312K, 77% used [0x0000000080000000,0x0000000080a180c8,0x0000000080d00000)
 Metaspace       used 25917K, capacity 26536K, committed 26752K, reserved 1073152K
  class space    used 3570K, capacity 3697K, committed 3712K, reserved 1048576K
Event: 3.667 GC heap after
Heap after GC invocations=23 (full 2):
 PSYoungGen      total 75264K, used 5603K [0x00000000d5580000, 0x00000000daa80000, 0x0000000100000000)
  eden space 69632K, 0% used [0x00000000d5580000,0x00000000d5580000,0x00000000d9980000)
  from space 5632K, 99% used [0x00000000d9b00000,0x00000000da078e80,0x00000000da080000)
  to   space 8704K, 0% used [0x00000000da200000,0x00000000da200000,0x00000000daa80000)
 ParOldGen       total 15872K, used 15564K [0x0000000080000000, 0x0000000080f80000, 0x00000000d5580000)
  object space 15872K, 98% used [0x0000000080000000,0x0000000080f333e0,0x0000000080f80000)
 Metaspace       used 25917K, capacity 26536K, committed 26752K, reserved 1073152K
  class space    used 3570K, capacity 3697K, committed 3712K, reserved 1048576K
}
Event: 3.667 GC heap before
{Heap before GC invocations=24 (full 3):
 PSYoungGen      total 75264K, used 5603K [0x00000000d5580000, 0x00000000daa80000, 0x0000000100000000)
  eden space 69632K, 0% used [0x00000000d5580000,0x00000000d5580000,0x00000000d9980000)
  from space 5632K, 99% used [0x00000000d9b00000,0x00000000da078e80,0x00000000da080000)
  to   space 8704K, 0% used [0x00000000da200000,0x00000000da200000,0x00000000daa80000)
 ParOldGen       total 15872K, used 15564K [0x0000000080000000, 0x0000000080f80000, 0x00000000d5580000)
  object space 15872K, 98% used [0x0000000080000000,0x0000000080f333e0,0x0000000080f80000)
 Metaspace       used 25917K, capacity 26536K, committed 26752K, reserved 1073152K
  class space    used 3570K, capacity 3697K, committed 3712K, reserved 1048576K
Event: 3.769 GC heap after
Heap after GC invocations=24 (full 3):
 PSYoungGen      total 75264K, used 1870K [0x00000000d5580000, 0x00000000daa80000, 0x0000000100000000)
  eden space 69632K, 0% used [0x00000000d5580000,0x00000000d5580000,0x00000000d9980000)
  from space 5632K, 33% used [0x00000000d9b00000,0x00000000d9cd38c0,0x00000000da080000)
  to   space 8704K, 0% used [0x00000000da200000,0x00000000da200000,0x00000000daa80000)
 ParOldGen       total 23040K, used 15571K [0x0000000080000000, 0x0000000081680000, 0x00000000d5580000)
  object space 23040K, 67% used [0x0000000080000000,0x0000000080f34e40,0x0000000081680000)
 Metaspace       used 25896K, capacity 26514K, committed 26752K, reserved 1073152K
  class space    used 3564K, capacity 3691K, committed 3712K, reserved 1048576K
}
Event: 4.439 GC heap before
{Heap before GC invocations=25 (full 3):
 PSYoungGen      total 75264K, used 71502K [0x00000000d5580000, 0x00000000daa80000, 0x0000000100000000)
  eden space 69632K, 100% used [0x00000000d5580000,0x00000000d9980000,0x00000000d9980000)
  from space 5632K, 33% used [0x00000000d9b00000,0x00000000d9cd38c0,0x00000000da080000)
  to   space 8704K, 0% used [0x00000000da200000,0x00000000da200000,0x00000000daa80000)
 ParOldGen       total 23040K, used 15571K [0x0000000080000000, 0x0000000081680000, 0x00000000d5580000)
  object space 23040K, 67% used [0x0000000080000000,0x0000000080f34e40,0x0000000081680000)
 Metaspace       used 30363K, capacity 31076K, committed 31232K, reserved 1077248K
  class space    used 4136K, capacity 4313K, committed 4352K, reserved 1048576K
Event: 4.446 GC heap after
Heap after GC invocations=25 (full 3):
 PSYoungGen      total 78336K, used 5108K [0x00000000d5580000, 0x00000000dae80000, 0x0000000100000000)
  eden space 69632K, 0% used [0x00000000d5580000,0x00000000d5580000,0x00000000d9980000)
  from space 8704K, 58% used [0x00000000da200000,0x00000000da6fd200,0x00000000daa80000)
  to   space 8704K, 0% used [0x00000000d9980000,0x00000000d9980000,0x00000000da200000)
 ParOldGen       total 23040K, used 16987K [0x0000000080000000, 0x0000000081680000, 0x00000000d5580000)
  object space 23040K, 73% used [0x0000000080000000,0x0000000081096e50,0x0000000081680000)
 Metaspace       used 30363K, capacity 31076K, committed 31232K, reserved 1077248K
  class space    used 4136K, capacity 4313K, committed 4352K, reserved 1048576K
}

