# JRE version: Java(TM) SE Runtime Environment (8.0_05-b13) (build 1.8.0_05-b13)
# Java VM: Java HotSpot(TM) 64-Bit Server VM (25.5-b02 mixed mode windows-amd64 compressed oops)
Heap:
 PSYoungGen      total 79872K, used 38562K [0x00000000d5580000, 0x00000000db080000, 0x0000000100000000)
  eden space 72192K, 42% used [0x00000000d5580000,0x00000000d73ac700,0x00000000d9c00000)
  from space 7680K, 99% used [0x00000000da900000,0x00000000db07c330,0x00000000db080000)
  to   space 9216K, 0% used [0x00000000d9e80000,0x00000000d9e80000,0x00000000da780000)
 ParOldGen       total 19456K, used 14697K [0x0000000080000000, 0x0000000081300000, 0x00000000d5580000)
  object space 19456K, 75% used [0x0000000080000000,0x0000000080e5a7d0,0x0000000081300000)
 Metaspace       used 32561K, capacity 33328K, committed 33536K, reserved 1079296K
  class space    used 4427K, capacity 4587K, committed 4608K, reserved 1048576K
GC Heap History (10 events):
Event: 2.258 GC heap before
{Heap before GC invocations=20 (full 1):
 PSYoungGen      total 61440K, used 59056K [0x00000000d5580000, 0x00000000d9680000, 0x0000000100000000)
  eden space 57344K, 100% used [0x00000000d5580000,0x00000000d8d80000,0x00000000d8d80000)
  from space 4096K, 41% used [0x00000000d9180000,0x00000000d932c040,0x00000000d9580000)
  to   space 4096K, 0% used [0x00000000d8d80000,0x00000000d8d80000,0x00000000d9180000)
 ParOldGen       total 10752K, used 7419K [0x0000000080000000, 0x0000000080a80000, 0x00000000d5580000)
  object space 10752K, 69% used [0x0000000080000000,0x000000008073ec40,0x0000000080a80000)
 Metaspace       used 20961K, capacity 21340K, committed 21632K, reserved 1069056K
  class space    used 2758K, capacity 2880K, committed 2944K, reserved 1048576K
Event: 2.260 GC heap after
Heap after GC invocations=20 (full 1):
 PSYoungGen      total 61440K, used 2176K [0x00000000d5580000, 0x00000000d9f00000, 0x0000000100000000)
  eden space 57344K, 0% used [0x00000000d5580000,0x00000000d5580000,0x00000000d8d80000)
  from space 4096K, 53% used [0x00000000d8d80000,0x00000000d8fa0030,0x00000000d9180000)
  to   space 4096K, 0% used [0x00000000d9b00000,0x00000000d9b00000,0x00000000d9f00000)
 ParOldGen       total 10752K, used 7419K [0x0000000080000000, 0x0000000080a80000, 0x00000000d5580000)
  object space 10752K, 69% used [0x0000000080000000,0x000000008073ec40,0x0000000080a80000)
 Metaspace       used 20961K, capacity 21340K, committed 21632K, reserved 1069056K
  class space    used 2758K, capacity 2880K, committed 2944K, reserved 1048576K
}
Event: 2.583 GC heap before
{Heap before GC invocations=21 (full 1):
 PSYoungGen      total 61440K, used 59520K [0x00000000d5580000, 0x00000000d9f00000, 0x0000000100000000)
  eden space 57344K, 100% used [0x00000000d5580000,0x00000000d8d80000,0x00000000d8d80000)
  from space 4096K, 53% used [0x00000000d8d80000,0x00000000d8fa0030,0x00000000d9180000)
  to   space 4096K, 0% used [0x00000000d9b00000,0x00000000d9b00000,0x00000000d9f00000)
 ParOldGen       total 10752K, used 7419K [0x0000000080000000, 0x0000000080a80000, 0x00000000d5580000)
  object space 10752K, 69% used [0x0000000080000000,0x000000008073ec40,0x0000000080a80000)
 Metaspace       used 22630K, capacity 23084K, committed 23168K, reserved 1069056K
  class space    used 3025K, capacity 3133K, committed 3200K, reserved 1048576K
Event: 2.588 GC heap after
Heap after GC invocations=21 (full 1):
 PSYoungGen      total 70656K, used 4073K [0x00000000d5580000, 0x00000000da000000, 0x0000000100000000)
  eden space 66560K, 0% used [0x00000000d5580000,0x00000000d5580000,0x00000000d9680000)
  from space 4096K, 99% used [0x00000000d9b00000,0x00000000d9efa788,0x00000000d9f00000)
  to   space 4608K, 0% used [0x00000000d9680000,0x00000000d9680000,0x00000000d9b00000)
 ParOldGen       total 10752K, used 7485K [0x0000000080000000, 0x0000000080a80000, 0x00000000d5580000)
  object space 10752K, 69% used [0x0000000080000000,0x000000008074f560,0x0000000080a80000)
 Metaspace       used 22630K, capacity 23084K, committed 23168K, reserved 1069056K
  class space    used 3025K, capacity 3133K, committed 3200K, reserved 1048576K
}
Event: 3.036 GC heap before
{Heap before GC invocations=22 (full 1):
 PSYoungGen      total 70656K, used 70633K [0x00000000d5580000, 0x00000000da000000, 0x0000000100000000)
  eden space 66560K, 100% used [0x00000000d5580000,0x00000000d9680000,0x00000000d9680000)
  from space 4096K, 99% used [0x00000000d9b00000,0x00000000d9efa788,0x00000000d9f00000)
  to   space 4608K, 0% used [0x00000000d9680000,0x00000000d9680000,0x00000000d9b00000)
 ParOldGen       total 10752K, used 7485K [0x0000000080000000, 0x0000000080a80000, 0x00000000d5580000)
  object space 10752K, 69% used [0x0000000080000000,0x000000008074f560,0x0000000080a80000)
 Metaspace       used 25366K, capacity 26006K, committed 26240K, reserved 1071104K
  class space    used 3477K, capacity 3626K, committed 3712K, reserved 1048576K
Event: 3.045 GC heap after
Heap after GC invocations=22 (full 1):
 PSYoungGen      total 71168K, used 4608K [0x00000000d5580000, 0x00000000db080000, 0x0000000100000000)
  eden space 66560K, 0% used [0x00000000d5580000,0x00000000d5580000,0x00000000d9680000)
  from space 4608K, 100% used [0x00000000d9680000,0x00000000d9b00000,0x00000000d9b00000)
  to   space 7680K, 0% used [0x00000000da900000,0x00000000da900000,0x00000000db080000)
 ParOldGen       total 13824K, used 13353K [0x0000000080000000, 0x0000000080d80000, 0x00000000d5580000)
  object space 13824K, 96% used [0x0000000080000000,0x0000000080d0a528,0x0000000080d80000)
 Metaspace       used 25366K, capacity 26006K, committed 26240K, reserved 1071104K
  class space    used 3477K, capacity 3626K, committed 3712K, reserved 1048576K
}
Event: 3.045 GC heap before
{Heap before GC invocations=23 (full 2):
 PSYoungGen      total 71168K, used 4608K [0x00000000d5580000, 0x00000000db080000, 0x0000000100000000)
  eden space 66560K, 0% used [0x00000000d5580000,0x00000000d5580000,0x00000000d9680000)
  from space 4608K, 100% used [0x00000000d9680000,0x00000000d9b00000,0x00000000d9b00000)
  to   space 7680K, 0% used [0x00000000da900000,0x00000000da900000,0x00000000db080000)
 ParOldGen       total 13824K, used 13353K [0x0000000080000000, 0x0000000080d80000, 0x00000000d5580000)
  object space 13824K, 96% used [0x0000000080000000,0x0000000080d0a528,0x0000000080d80000)
 Metaspace       used 25366K, capacity 26006K, committed 26240K, reserved 1071104K
  class space    used 3477K, capacity 3626K, committed 3712K, reserved 1048576K
Event: 3.184 GC heap after
Heap after GC invocations=23 (full 2):
 PSYoungGen      total 71168K, used 3576K [0x00000000d5580000, 0x00000000db080000, 0x0000000100000000)
  eden space 66560K, 0% used [0x00000000d5580000,0x00000000d5580000,0x00000000d9680000)
  from space 4608K, 77% used [0x00000000d9680000,0x00000000d99fe178,0x00000000d9b00000)
  to   space 7680K, 0% used [0x00000000da900000,0x00000000da900000,0x00000000db080000)
 ParOldGen       total 19456K, used 13418K [0x0000000080000000, 0x0000000081300000, 0x00000000d5580000)
  object space 19456K, 68% used [0x0000000080000000,0x0000000080d1abe0,0x0000000081300000)
 Metaspace       used 25345K, capacity 25984K, committed 26240K, reserved 1071104K
  class space    used 3471K, capacity 3620K, committed 3712K, reserved 1048576K
}
Event: 3.690 GC heap before
{Heap before GC invocations=24 (full 2):
 PSYoungGen      total 71168K, used 70136K [0x00000000d5580000, 0x00000000db080000, 0x0000000100000000)
  eden space 66560K, 100% used [0x00000000d5580000,0x00000000d9680000,0x00000000d9680000)
  from space 4608K, 77% used [0x00000000d9680000,0x00000000d99fe178,0x00000000d9b00000)
  to   space 7680K, 0% used [0x00000000da900000,0x00000000da900000,0x00000000db080000)
 ParOldGen       total 19456K, used 13418K [0x0000000080000000, 0x0000000081300000, 0x00000000d5580000)
  object space 19456K, 68% used [0x0000000080000000,0x0000000080d1abe0,0x0000000081300000)
 Metaspace       used 30054K, capacity 30772K, committed 30976K, reserved 1075200K
  class space    used 4100K, capacity 4276K, committed 4352K, reserved 1048576K
Event: 3.697 GC heap after
Heap after GC invocations=24 (full 2):
 PSYoungGen      total 79872K, used 7664K [0x00000000d5580000, 0x00000000db080000, 0x0000000100000000)
  eden space 72192K, 0% used [0x00000000d5580000,0x00000000d5580000,0x00000000d9c00000)
  from space 7680K, 99% used [0x00000000da900000,0x00000000db07c330,0x00000000db080000)
  to   space 9216K, 0% used [0x00000000d9e80000,0x00000000d9e80000,0x00000000da780000)
 ParOldGen       total 19456K, used 14697K [0x0000000080000000, 0x0000000081300000, 0x00000000d5580000)
  object space 19456K, 75% used [0x0000000080000000,0x0000000080e5a7d0,0x0000000081300000)
 Metaspace       used 30054K, capacity 30772K, committed 30976K, reserved 1075200K
  class space    used 4100K, capacity 4276K, committed 4352K, reserved 1048576K
}

