# JRE version: Java(TM) SE Runtime Environment (8.0_05-b13) (build 1.8.0_05-b13)
# Java VM: Java HotSpot(TM) 64-Bit Server VM (25.5-b02 mixed mode windows-amd64 compressed oops)
Heap:
 PSYoungGen      total 77824K, used 20736K [0x00000000d5580000, 0x00000000dab80000, 0x0000000100000000)
  eden space 72704K, 21% used [0x00000000d5580000,0x00000000d6501fa0,0x00000000d9c80000)
  from space 5120K, 94% used [0x00000000da680000,0x00000000dab3e0d8,0x00000000dab80000)
  to   space 7680K, 0% used [0x00000000d9c80000,0x00000000d9c80000,0x00000000da400000)
 ParOldGen       total 22016K, used 17935K [0x0000000080000000, 0x0000000081580000, 0x00000000d5580000)
  object space 22016K, 81% used [0x0000000080000000,0x0000000081183e70,0x0000000081580000)
 Metaspace       used 32670K, capacity 33450K, committed 33536K, reserved 1079296K
  class space    used 4420K, capacity 4586K, committed 4608K, reserved 1048576K
GC Heap History (10 events):
Event: 3.550 GC heap before
{Heap before GC invocations=21 (full 1):
 PSYoungGen      total 62976K, used 61136K [0x00000000d5580000, 0x00000000da280000, 0x0000000100000000)
  eden space 58880K, 100% used [0x00000000d5580000,0x00000000d8f00000,0x00000000d8f00000)
  from space 4096K, 55% used [0x00000000d8f00000,0x00000000d9134050,0x00000000d9300000)
  to   space 4096K, 0% used [0x00000000d9e80000,0x00000000d9e80000,0x00000000da280000)
 ParOldGen       total 10752K, used 7241K [0x0000000080000000, 0x0000000080a80000, 0x00000000d5580000)
  object space 10752K, 67% used [0x0000000080000000,0x0000000080712510,0x0000000080a80000)
 Metaspace       used 23067K, capacity 23478K, committed 23680K, reserved 1069056K
  class space    used 3080K, capacity 3199K, committed 3200K, reserved 1048576K
Event: 3.556 GC heap after
Heap after GC invocations=21 (full 1):
 PSYoungGen      total 73216K, used 4068K [0x00000000d5580000, 0x00000000da500000, 0x0000000100000000)
  eden space 69120K, 0% used [0x00000000d5580000,0x00000000d5580000,0x00000000d9900000)
  from space 4096K, 99% used [0x00000000d9e80000,0x00000000da279200,0x00000000da280000)
  to   space 5632K, 0% used [0x00000000d9900000,0x00000000d9900000,0x00000000d9e80000)
 ParOldGen       total 10752K, used 8729K [0x0000000080000000, 0x0000000080a80000, 0x00000000d5580000)
  object space 10752K, 81% used [0x0000000080000000,0x0000000080886468,0x0000000080a80000)
 Metaspace       used 23067K, capacity 23478K, committed 23680K, reserved 1069056K
  class space    used 3080K, capacity 3199K, committed 3200K, reserved 1048576K
}
Event: 3.556 GC heap before
{Heap before GC invocations=22 (full 2):
 PSYoungGen      total 73216K, used 4068K [0x00000000d5580000, 0x00000000da500000, 0x0000000100000000)
  eden space 69120K, 0% used [0x00000000d5580000,0x00000000d5580000,0x00000000d9900000)
  from space 4096K, 99% used [0x00000000d9e80000,0x00000000da279200,0x00000000da280000)
  to   space 5632K, 0% used [0x00000000d9900000,0x00000000d9900000,0x00000000d9e80000)
 ParOldGen       total 10752K, used 8729K [0x0000000080000000, 0x0000000080a80000, 0x00000000d5580000)
  object space 10752K, 81% used [0x0000000080000000,0x0000000080886468,0x0000000080a80000)
 Metaspace       used 23067K, capacity 23478K, committed 23680K, reserved 1069056K
  class space    used 3080K, capacity 3199K, committed 3200K, reserved 1048576K
Event: 3.650 GC heap after
Heap after GC invocations=22 (full 2):
 PSYoungGen      total 73216K, used 1341K [0x00000000d5580000, 0x00000000da500000, 0x0000000100000000)
  eden space 69120K, 0% used [0x00000000d5580000,0x00000000d5580000,0x00000000d9900000)
  from space 4096K, 32% used [0x00000000d9e80000,0x00000000d9fcf600,0x00000000da280000)
  to   space 5632K, 0% used [0x00000000d9900000,0x00000000d9900000,0x00000000d9e80000)
 ParOldGen       total 15360K, used 10687K [0x0000000080000000, 0x0000000080f00000, 0x00000000d5580000)
  object space 15360K, 69% used [0x0000000080000000,0x0000000080a6fce8,0x0000000080f00000)
 Metaspace       used 23046K, capacity 23456K, committed 23680K, reserved 1069056K
  class space    used 3074K, capacity 3193K, committed 3200K, reserved 1048576K
}
Event: 4.457 GC heap before
{Heap before GC invocations=23 (full 2):
 PSYoungGen      total 73216K, used 70461K [0x00000000d5580000, 0x00000000da500000, 0x0000000100000000)
  eden space 69120K, 100% used [0x00000000d5580000,0x00000000d9900000,0x00000000d9900000)
  from space 4096K, 32% used [0x00000000d9e80000,0x00000000d9fcf600,0x00000000da280000)
  to   space 5632K, 0% used [0x00000000d9900000,0x00000000d9900000,0x00000000d9e80000)
 ParOldGen       total 15360K, used 10687K [0x0000000080000000, 0x0000000080f00000, 0x00000000d5580000)
  object space 15360K, 69% used [0x0000000080000000,0x0000000080a6fce8,0x0000000080f00000)
 Metaspace       used 26140K, capacity 26738K, committed 26880K, reserved 1073152K
  class space    used 3600K, capacity 3723K, committed 3840K, reserved 1048576K
Event: 4.464 GC heap after
Heap after GC invocations=23 (full 2):
 PSYoungGen      total 74752K, used 5632K [0x00000000d5580000, 0x00000000dae00000, 0x0000000100000000)
  eden space 69120K, 0% used [0x00000000d5580000,0x00000000d5580000,0x00000000d9900000)
  from space 5632K, 100% used [0x00000000d9900000,0x00000000d9e80000,0x00000000d9e80000)
  to   space 7680K, 0% used [0x00000000da680000,0x00000000da680000,0x00000000dae00000)
 ParOldGen       total 15360K, used 13413K [0x0000000080000000, 0x0000000080f00000, 0x00000000d5580000)
  object space 15360K, 87% used [0x0000000080000000,0x0000000080d19448,0x0000000080f00000)
 Metaspace       used 26140K, capacity 26738K, committed 26880K, reserved 1073152K
  class space    used 3600K, capacity 3723K, committed 3840K, reserved 1048576K
}
Event: 4.464 GC heap before
{Heap before GC invocations=24 (full 3):
 PSYoungGen      total 74752K, used 5632K [0x00000000d5580000, 0x00000000dae00000, 0x0000000100000000)
  eden space 69120K, 0% used [0x00000000d5580000,0x00000000d5580000,0x00000000d9900000)
  from space 5632K, 100% used [0x00000000d9900000,0x00000000d9e80000,0x00000000d9e80000)
  to   space 7680K, 0% used [0x00000000da680000,0x00000000da680000,0x00000000dae00000)
 ParOldGen       total 15360K, used 13413K [0x0000000080000000, 0x0000000080f00000, 0x00000000d5580000)
  object space 15360K, 87% used [0x0000000080000000,0x0000000080d19448,0x0000000080f00000)
 Metaspace       used 26140K, capacity 26738K, committed 26880K, reserved 1073152K
  class space    used 3600K, capacity 3723K, committed 3840K, reserved 1048576K
Event: 4.578 GC heap after
Heap after GC invocations=24 (full 3):
 PSYoungGen      total 74752K, used 2547K [0x00000000d5580000, 0x00000000dae00000, 0x0000000100000000)
  eden space 69120K, 0% used [0x00000000d5580000,0x00000000d5580000,0x00000000d9900000)
  from space 5632K, 45% used [0x00000000d9900000,0x00000000d9b7cea0,0x00000000d9e80000)
  to   space 7680K, 0% used [0x00000000da680000,0x00000000da680000,0x00000000dae00000)
 ParOldGen       total 22016K, used 15279K [0x0000000080000000, 0x0000000081580000, 0x00000000d5580000)
  object space 22016K, 69% used [0x0000000080000000,0x0000000080eebe40,0x0000000081580000)
 Metaspace       used 26140K, capacity 26738K, committed 26880K, reserved 1073152K
  class space    used 3600K, capacity 3723K, committed 3840K, reserved 1048576K
}
Event: 7.122 GC heap before
{Heap before GC invocations=25 (full 3):
 PSYoungGen      total 74752K, used 71667K [0x00000000d5580000, 0x00000000dae00000, 0x0000000100000000)
  eden space 69120K, 100% used [0x00000000d5580000,0x00000000d9900000,0x00000000d9900000)
  from space 5632K, 45% used [0x00000000d9900000,0x00000000d9b7cea0,0x00000000d9e80000)
  to   space 7680K, 0% used [0x00000000da680000,0x00000000da680000,0x00000000dae00000)
 ParOldGen       total 22016K, used 15279K [0x0000000080000000, 0x0000000081580000, 0x00000000d5580000)
  object space 22016K, 69% used [0x0000000080000000,0x0000000080eebe40,0x0000000081580000)
 Metaspace       used 30455K, capacity 31204K, committed 31488K, reserved 1077248K
  class space    used 4131K, capacity 4313K, committed 4352K, reserved 1048576K
Event: 7.129 GC heap after
Heap after GC invocations=25 (full 3):
 PSYoungGen      total 77824K, used 4856K [0x00000000d5580000, 0x00000000dab80000, 0x0000000100000000)
  eden space 72704K, 0% used [0x00000000d5580000,0x00000000d5580000,0x00000000d9c80000)
  from space 5120K, 94% used [0x00000000da680000,0x00000000dab3e0d8,0x00000000dab80000)
  to   space 7680K, 0% used [0x00000000d9c80000,0x00000000d9c80000,0x00000000da400000)
 ParOldGen       total 22016K, used 17935K [0x0000000080000000, 0x0000000081580000, 0x00000000d5580000)
  object space 22016K, 81% used [0x0000000080000000,0x0000000081183e70,0x0000000081580000)
 Metaspace       used 30455K, capacity 31204K, committed 31488K, reserved 1077248K
  class space    used 4131K, capacity 4313K, committed 4352K, reserved 1048576K
}

